{
  "RSpec": {
    "coverage": {
      "/Users/arturpanach/code/gems/easy_serializer/lib/easy_serializer.rb": [
        1,
        1,
        null,
        1,
        1,
        null,
        1,
        0,
        null,
        null,
        2,
        1,
        null,
        null,
        1
      ],
      "/Users/arturpanach/code/gems/easy_serializer/lib/easy_serializer/version.rb": [
        1,
        1,
        null
      ],
      "/Users/arturpanach/code/gems/easy_serializer/lib/easy_serializer/base.rb": [
        1,
        1,
        1,
        1,
        1,
        65,
        null,
        null,
        1,
        null,
        1,
        11,
        null,
        null,
        1,
        21,
        21,
        null,
        null,
        1,
        3,
        3,
        null,
        null,
        null,
        1,
        1,
        2,
        null,
        null,
        null,
        1,
        2,
        2,
        null,
        null,
        null,
        1,
        65,
        null,
        1,
        1,
        1,
        null,
        1,
        null,
        1,
        63,
        186,
        13,
        null,
        173,
        173,
        null,
        null,
        null,
        null,
        1,
        65,
        13,
        13,
        3,
        0,
        null,
        3,
        0,
        null,
        3,
        null,
        3,
        3,
        null,
        null,
        null,
        1,
        13,
        null,
        null,
        1,
        63,
        null,
        null,
        1,
        186,
        186,
        44,
        28,
        null,
        30,
        null,
        null,
        null,
        1,
        341,
        186,
        8,
        null,
        180,
        null,
        null,
        null,
        1,
        44,
        44,
        5,
        0,
        null,
        5,
        null,
        null,
        null,
        5,
        null,
        39,
        null,
        null,
        null,
        1,
        39,
        null,
        13,
        null,
        26,
        null,
        null,
        null,
        1,
        39,
        39,
        null,
        null,
        null
      ],
      "/Users/arturpanach/code/gems/easy_serializer/spec/support/serializers/nested_serializer.rb": [
        1,
        1,
        1,
        null
      ],
      "/Users/arturpanach/code/gems/easy_serializer/spec/support/serializers/polymorphic_subject.rb": [
        1,
        1,
        null,
        null,
        null,
        null,
        null,
        null,
        13,
        137,
        null,
        null,
        null
      ],
      "/Users/arturpanach/code/gems/easy_serializer/spec/support/serializers/polymorphic_subject_serializer.rb": [
        1,
        1,
        1,
        1,
        1,
        1,
        null
      ],
      "/Users/arturpanach/code/gems/easy_serializer/spec/support/serializers/polymophic_serializer.rb": [
        1,
        1,
        1,
        13,
        null,
        1,
        13,
        null,
        1,
        1,
        null,
        13,
        null,
        null,
        1,
        13,
        13,
        13,
        null,
        null
      ],
      "/Users/arturpanach/code/gems/easy_serializer/spec/support/cache_mock.rb": [
        1,
        1,
        9,
        null,
        null,
        1,
        1,
        2,
        null,
        null
      ],
      "/Users/arturpanach/code/gems/easy_serializer/spec/cache/cache_examples_spec.rb": [
        1,
        1,
        1,
        11,
        11,
        null,
        1,
        3,
        3,
        3,
        2,
        null,
        1,
        1,
        3,
        null,
        null,
        null,
        null,
        4,
        3,
        2,
        2,
        null,
        1,
        1,
        3,
        null,
        4,
        3,
        2,
        1,
        2,
        1,
        1,
        1,
        null,
        2,
        null,
        null,
        1,
        1,
        3,
        null,
        4,
        3,
        2,
        1,
        2,
        1,
        1,
        1,
        null,
        2,
        null,
        null,
        null,
        null
      ],
      "/Users/arturpanach/code/gems/easy_serializer/spec/support/serializers/cache_examples.rb": [
        1,
        1,
        1,
        null,
        1,
        1,
        1,
        null,
        1,
        1,
        null,
        1,
        1,
        1,
        null,
        null
      ],
      "/Users/arturpanach/code/gems/easy_serializer/spec/cache_spec.rb": [
        1,
        1,
        1,
        1,
        null,
        3,
        3,
        1,
        2,
        2,
        null,
        null,
        1,
        1,
        1,
        null,
        1,
        1,
        1,
        null,
        null,
        null,
        1,
        1,
        1,
        1,
        1,
        null,
        2,
        2,
        1,
        1,
        null,
        1,
        1,
        1,
        1,
        null,
        null,
        null,
        null
      ],
      "/Users/arturpanach/code/gems/easy_serializer/spec/easy_serializer_spec.rb": [
        1,
        null,
        1,
        1,
        1,
        null,
        null
      ],
      "/Users/arturpanach/code/gems/easy_serializer/spec/serializers/polymorphic_serializer_spec.rb": [
        1,
        1,
        null,
        null,
        null,
        null,
        null,
        null,
        13,
        null,
        14,
        14,
        1,
        14,
        2,
        2,
        2,
        1,
        2,
        2,
        2,
        2,
        2,
        2,
        null,
        1,
        2,
        2,
        1,
        2,
        2,
        null,
        null,
        null,
        null,
        null
      ]
    },
    "timestamp": 1453379951
  }
}
